<?xml version="1.0" encoding="UTF-8"?>
<testsuite name="com.poi.pointOfInterest.PointOfInterestApplicationTests" tests="1" skipped="0" failures="0" errors="0" timestamp="2021-12-17T14:28:10" hostname="Administrators-MacBook-Pro.local" time="0.583">
  <properties/>
  <testcase name="contextLoads()" classname="com.poi.pointOfInterest.PointOfInterestApplicationTests" time="0.583"/>
  <system-out><![CDATA[14:28:07.066 [Test worker] DEBUG org.springframework.test.context.BootstrapUtils - Instantiating CacheAwareContextLoaderDelegate from class [org.springframework.test.context.cache.DefaultCacheAwareContextLoaderDelegate]
14:28:07.092 [Test worker] DEBUG org.springframework.test.context.BootstrapUtils - Instantiating BootstrapContext using constructor [public org.springframework.test.context.support.DefaultBootstrapContext(java.lang.Class,org.springframework.test.context.CacheAwareContextLoaderDelegate)]
14:28:07.164 [Test worker] DEBUG org.springframework.test.context.BootstrapUtils - Instantiating TestContextBootstrapper for test class [com.poi.pointOfInterest.PointOfInterestApplicationTests] from class [org.springframework.boot.test.context.SpringBootTestContextBootstrapper]
14:28:07.185 [Test worker] INFO org.springframework.boot.test.context.SpringBootTestContextBootstrapper - Neither @ContextConfiguration nor @ContextHierarchy found for test class [com.poi.pointOfInterest.PointOfInterestApplicationTests], using SpringBootContextLoader
14:28:07.194 [Test worker] DEBUG org.springframework.test.context.support.AbstractContextLoader - Did not detect default resource location for test class [com.poi.pointOfInterest.PointOfInterestApplicationTests]: class path resource [com/poi/pointOfInterest/PointOfInterestApplicationTests-context.xml] does not exist
14:28:07.195 [Test worker] DEBUG org.springframework.test.context.support.AbstractContextLoader - Did not detect default resource location for test class [com.poi.pointOfInterest.PointOfInterestApplicationTests]: class path resource [com/poi/pointOfInterest/PointOfInterestApplicationTestsContext.groovy] does not exist
14:28:07.195 [Test worker] INFO org.springframework.test.context.support.AbstractContextLoader - Could not detect default resource locations for test class [com.poi.pointOfInterest.PointOfInterestApplicationTests]: no resource found for suffixes {-context.xml, Context.groovy}.
14:28:07.196 [Test worker] INFO org.springframework.test.context.support.AnnotationConfigContextLoaderUtils - Could not detect default configuration classes for test class [com.poi.pointOfInterest.PointOfInterestApplicationTests]: PointOfInterestApplicationTests does not declare any static, non-private, non-final, nested classes annotated with @Configuration.
14:28:07.275 [Test worker] DEBUG org.springframework.test.context.support.ActiveProfilesUtils - Could not find an 'annotation declaring class' for annotation type [org.springframework.test.context.ActiveProfiles] and class [com.poi.pointOfInterest.PointOfInterestApplicationTests]
14:28:07.379 [Test worker] DEBUG org.springframework.context.annotation.ClassPathScanningCandidateComponentProvider - Identified candidate component class: file [/Users/ctw01647-admin/Desktop/pointOfInterest/build/classes/java/main/com/poi/pointOfInterest/PointOfInterestApplication.class]
14:28:07.380 [Test worker] INFO org.springframework.boot.test.context.SpringBootTestContextBootstrapper - Found @SpringBootConfiguration com.poi.pointOfInterest.PointOfInterestApplication for test class com.poi.pointOfInterest.PointOfInterestApplicationTests
14:28:07.545 [Test worker] DEBUG org.springframework.boot.test.context.SpringBootTestContextBootstrapper - @TestExecutionListeners is not present for class [com.poi.pointOfInterest.PointOfInterestApplicationTests]: using defaults.
14:28:07.546 [Test worker] INFO org.springframework.boot.test.context.SpringBootTestContextBootstrapper - Loaded default TestExecutionListener class names from location [META-INF/spring.factories]: [org.springframework.boot.test.autoconfigure.restdocs.RestDocsTestExecutionListener, org.springframework.boot.test.autoconfigure.web.client.MockRestServiceServerResetTestExecutionListener, org.springframework.boot.test.autoconfigure.web.servlet.MockMvcPrintOnlyOnFailureTestExecutionListener, org.springframework.boot.test.autoconfigure.web.servlet.WebDriverTestExecutionListener, org.springframework.boot.test.autoconfigure.webservices.client.MockWebServiceServerTestExecutionListener, org.springframework.boot.test.mock.mockito.MockitoTestExecutionListener, org.springframework.boot.test.mock.mockito.ResetMocksTestExecutionListener, org.springframework.test.context.web.ServletTestExecutionListener, org.springframework.test.context.support.DirtiesContextBeforeModesTestExecutionListener, org.springframework.test.context.event.ApplicationEventsTestExecutionListener, org.springframework.test.context.support.DependencyInjectionTestExecutionListener, org.springframework.test.context.support.DirtiesContextTestExecutionListener, org.springframework.test.context.transaction.TransactionalTestExecutionListener, org.springframework.test.context.jdbc.SqlScriptsTestExecutionListener, org.springframework.test.context.event.EventPublishingTestExecutionListener]
14:28:07.561 [Test worker] DEBUG org.springframework.boot.test.context.SpringBootTestContextBootstrapper - Skipping candidate TestExecutionListener [org.springframework.test.context.web.ServletTestExecutionListener] due to a missing dependency. Specify custom listener classes or make the default listener classes and their required dependencies available. Offending class: [javax/servlet/ServletContext]
14:28:07.575 [Test worker] INFO org.springframework.boot.test.context.SpringBootTestContextBootstrapper - Using TestExecutionListeners: [org.springframework.test.context.support.DirtiesContextBeforeModesTestExecutionListener@7e985ce9, org.springframework.test.context.event.ApplicationEventsTestExecutionListener@2a39fe6a, org.springframework.boot.test.mock.mockito.MockitoTestExecutionListener@410ae9a3, org.springframework.boot.test.autoconfigure.SpringBootDependencyInjectionTestExecutionListener@319988b0, org.springframework.test.context.support.DirtiesContextTestExecutionListener@d5ae57e, org.springframework.test.context.transaction.TransactionalTestExecutionListener@68759011, org.springframework.test.context.jdbc.SqlScriptsTestExecutionListener@7e242b4d, org.springframework.test.context.event.EventPublishingTestExecutionListener@305f031, org.springframework.boot.test.autoconfigure.restdocs.RestDocsTestExecutionListener@592e843a, org.springframework.boot.test.autoconfigure.web.client.MockRestServiceServerResetTestExecutionListener@1d1f7216, org.springframework.boot.test.autoconfigure.web.servlet.MockMvcPrintOnlyOnFailureTestExecutionListener@423e4cbb, org.springframework.boot.test.autoconfigure.web.servlet.WebDriverTestExecutionListener@6e16b8b5, org.springframework.boot.test.autoconfigure.webservices.client.MockWebServiceServerTestExecutionListener@43b4fe19, org.springframework.boot.test.mock.mockito.ResetMocksTestExecutionListener@25ddbbbb]
14:28:07.581 [Test worker] DEBUG org.springframework.test.context.support.AbstractDirtiesContextTestExecutionListener - Before test class: context [DefaultTestContext@7e809b79 testClass = PointOfInterestApplicationTests, testInstance = [null], testMethod = [null], testException = [null], mergedContextConfiguration = [ReactiveWebMergedContextConfiguration@5cc126dc testClass = PointOfInterestApplicationTests, locations = '{}', classes = '{class com.poi.pointOfInterest.PointOfInterestApplication}', contextInitializerClasses = '[]', activeProfiles = '{}', propertySourceLocations = '{}', propertySourceProperties = '{org.springframework.boot.test.context.SpringBootTestContextBootstrapper=true}', contextCustomizers = set[org.springframework.boot.test.autoconfigure.actuate.metrics.MetricsExportContextCustomizerFactory$DisableMetricExportContextCustomizer@2631f68c, org.springframework.boot.test.autoconfigure.properties.PropertyMappingContextCustomizer@0, org.springframework.boot.test.autoconfigure.web.servlet.WebDriverContextCustomizerFactory$Customizer@1fde5d22, org.springframework.boot.test.context.filter.ExcludeFilterContextCustomizer@7ca20101, org.springframework.boot.test.json.DuplicateJsonObjectContextCustomizerFactory$DuplicateJsonObjectContextCustomizer@3a5ecce3, org.springframework.boot.test.mock.mockito.MockitoContextCustomizer@0, org.springframework.boot.test.web.client.TestRestTemplateContextCustomizer@289710d9, org.springframework.boot.test.web.reactive.server.WebTestClientContextCustomizer@5143c662, org.springframework.boot.test.context.SpringBootTestArgs@1, org.springframework.boot.test.context.SpringBootTestWebEnvironment@1cbb87f3], contextLoader = 'org.springframework.boot.test.context.SpringBootContextLoader', parent = [null]], attributes = map[[empty]]], class annotated with @DirtiesContext [false] with mode [null].
14:28:07.599 [Test worker] DEBUG org.springframework.test.context.support.DependencyInjectionTestExecutionListener - Performing dependency injection for test context [[DefaultTestContext@7e809b79 testClass = PointOfInterestApplicationTests, testInstance = com.poi.pointOfInterest.PointOfInterestApplicationTests@60fa3495, testMethod = [null], testException = [null], mergedContextConfiguration = [ReactiveWebMergedContextConfiguration@5cc126dc testClass = PointOfInterestApplicationTests, locations = '{}', classes = '{class com.poi.pointOfInterest.PointOfInterestApplication}', contextInitializerClasses = '[]', activeProfiles = '{}', propertySourceLocations = '{}', propertySourceProperties = '{org.springframework.boot.test.context.SpringBootTestContextBootstrapper=true}', contextCustomizers = set[org.springframework.boot.test.autoconfigure.actuate.metrics.MetricsExportContextCustomizerFactory$DisableMetricExportContextCustomizer@2631f68c, org.springframework.boot.test.autoconfigure.properties.PropertyMappingContextCustomizer@0, org.springframework.boot.test.autoconfigure.web.servlet.WebDriverContextCustomizerFactory$Customizer@1fde5d22, org.springframework.boot.test.context.filter.ExcludeFilterContextCustomizer@7ca20101, org.springframework.boot.test.json.DuplicateJsonObjectContextCustomizerFactory$DuplicateJsonObjectContextCustomizer@3a5ecce3, org.springframework.boot.test.mock.mockito.MockitoContextCustomizer@0, org.springframework.boot.test.web.client.TestRestTemplateContextCustomizer@289710d9, org.springframework.boot.test.web.reactive.server.WebTestClientContextCustomizer@5143c662, org.springframework.boot.test.context.SpringBootTestArgs@1, org.springframework.boot.test.context.SpringBootTestWebEnvironment@1cbb87f3], contextLoader = 'org.springframework.boot.test.context.SpringBootContextLoader', parent = [null]], attributes = map['org.springframework.test.context.event.ApplicationEventsTestExecutionListener.recordApplicationEvents' -> false]]].
14:28:07.681 [Test worker] DEBUG org.springframework.boot.ApplicationReactiveWebEnvironment - Activating profiles []
14:28:07.683 [Test worker] DEBUG org.springframework.test.context.support.TestPropertySourceUtils - Adding inlined properties to environment: {spring.jmx.enabled=false, org.springframework.boot.test.context.SpringBootTestContextBootstrapper=true}

  .   ____          _            __ _ _
 /\\ / ___'_ __ _ _(_)_ __  __ _ \ \ \ \
( ( )\___ | '_ | '_| | '_ \/ _` | \ \ \ \
 \\/  ___)| |_)| | | | | || (_| |  ) ) ) )
  '  |____| .__|_| |_|_| |_\__, | / / / /
 =========|_|==============|___/=/_/_/_/
 :: Spring Boot ::                (v2.6.1)

2021-12-17 14:28:08.172  INFO 53105 --- [    Test worker] c.p.p.PointOfInterestApplicationTests    : Starting PointOfInterestApplicationTests using Java 16.0.2 on AdminisatorsMBP.lan with PID 53105 (started by ctw01647-admin in /Users/ctw01647-admin/Desktop/pointOfInterest)
2021-12-17 14:28:08.174  INFO 53105 --- [    Test worker] c.p.p.PointOfInterestApplicationTests    : No active profile set, falling back to default profiles: default
2021-12-17 14:28:09.008  INFO 53105 --- [    Test worker] .s.d.r.c.RepositoryConfigurationDelegate : Bootstrapping Spring Data R2DBC repositories in DEFAULT mode.
2021-12-17 14:28:09.245  INFO 53105 --- [    Test worker] .s.d.r.c.RepositoryConfigurationDelegate : Finished Spring Data repository scanning in 227 ms. Found 1 R2DBC repository interfaces.
2021-12-17 14:28:10.968  INFO 53105 --- [    Test worker] c.p.p.PointOfInterestApplicationTests    : Started PointOfInterestApplicationTests in 3.281 seconds (JVM running for 5.222)
]]></system-out>
  <system-err><![CDATA[[2021.12.17 14:28:07] (Coverage): Error during class instrumentation: org.springframework.boot.logging.log4j2.Log4J2LoggingSystem: java.lang.RuntimeException: java.io.IOException: Class org/apache/logging/log4j/core/config/composite/CompositeConfiguration not found
]]></system-err>
</testsuite>
